C51 COMPILER V9.59.0.0   LCD                                                               09/18/2020 21:44:29 PAGE 1   


C51 COMPILER V9.59.0.0, COMPILATION OF MODULE LCD
OBJECT MODULE PLACED IN .\Objects\lcd.obj
COMPILER INVOKED BY: C:\Keil_v5\C51\BIN\C51.EXE lcd.c OPTIMIZE(8,SPEED) BROWSE DEBUG OBJECTEXTEND PRINT(.\Listings\lcd.l
                    -st) TABS(2) OBJECT(.\Objects\lcd.obj)

line level    source

   1          #include "delay.h"
   2          #include "lcd.h"
   3          
   4          
   5          
   6          
   7          void lcd_cmd(unsigned char c)
   8          {
   9   1        LCD_PORT=c;
  10   1        RS=0;
  11   1        RW=0;
  12   1        EN=1;
  13   1        delay(1);
  14   1        EN=0;
  15   1      }
  16          
  17          
  18          void lcd_data(unsigned char d)
  19          {
  20   1        LCD_PORT=d;
  21   1        RS=1;
  22   1        RW=0;
  23   1        EN=1;
  24   1        delay(1);
  25   1        EN=0;
  26   1      }
  27          
  28          
  29          void lcd_init(void)
  30          {
  31   1        lcd_cmd(0x02);
  32   1        lcd_cmd(0x38);
  33   1        lcd_cmd(0x06);
  34   1        lcd_cmd(0x0E);
  35   1        lcd_cmd(0x01);
  36   1      }
  37          
  38          
  39          void lcd_string(char *s)
  40          {
  41   1        while(*s)
  42   1          lcd_data(*s++);
  43   1      }


MODULE INFORMATION:   STATIC OVERLAYABLE
   CODE SIZE        =    133    ----
   CONSTANT SIZE    =   ----    ----
   XDATA SIZE       =   ----    ----
   PDATA SIZE       =   ----    ----
   DATA SIZE        =   ----       3
   IDATA SIZE       =   ----    ----
   BIT SIZE         =   ----    ----
END OF MODULE INFORMATION.

C51 COMPILER V9.59.0.0   LCD                                                               09/18/2020 21:44:29 PAGE 2   


C51 COMPILATION COMPLETE.  0 WARNING(S),  0 ERROR(S)
