C51 COMPILER V9.59.0.0   MAIN1                                                             09/19/2020 16:41:12 PAGE 1   


C51 COMPILER V9.59.0.0, COMPILATION OF MODULE MAIN1
OBJECT MODULE PLACED IN .\Objects\main1.obj
COMPILER INVOKED BY: C:\Keil_v5\C51\BIN\C51.EXE main1.c OPTIMIZE(8,SPEED) BROWSE DEBUG OBJECTEXTEND PRINT(.\Listings\mai
                    -n1.lst) TABS(2) OBJECT(.\Objects\main1.obj)

line level    source

   1          #include <reg52.h>
   2          #include "delay.h"
   3          #include "lcd.h"
   4          void main()
   5          {
   6   1        unsigned int c;
   7   1        init();
   8   1        string("AT89S52");
   9   1          while(1)
  10   1          {
  11   2            if(sw==0)
  12   2            {
  13   3              led=0;
  14   3              ++c;
  15   3              cmd (0xc0);
  16   3              lcd_integer(c);
  17   3            }
  18   2            else
  19   2            {
  20   3            led=1;
  21   3            c=0;
  22   3            cmd (0x01);
  23   3            
  24   3            }
  25   2                
  26   2      
  27   2          }
  28   1      //  custom();
  29   1      //  string("Electronics Hub ");
  30   1      //  cmd(0xc0);
  31   1      //  string("    Presents    ");
  32   1      //  delay(2000);
  33   1      //  cmd(0x01);
  34   1      //  cmd(0x80);
  35   1      //  string("  Custom Chars  ");
  36   1      //  cmd(0xc0);
  37   1      //  string("  on 16x2 LCD   ");
  38   1      //  delay(2000);
  39   1      //  cmd(0x01);
  40   1      //  cmd(0x80);
  41   1      //  string("ABCDEFGHIJKLMNOP");
  42   1      //  cmd(0xc0);
  43   1      //  string("1234567890");
  44   1      //  cmd(0xca);
  45   1      //  display(0);
  46   1      //  display(1);
  47   1      //  display(2);
  48   1      //  display(3);
  49   1      //  display(4);
  50   1      //  display(5);
  51   1      
  52   1      }


C51 COMPILER V9.59.0.0   MAIN1                                                             09/19/2020 16:41:12 PAGE 2   

MODULE INFORMATION:   STATIC OVERLAYABLE
   CODE SIZE        =    326    ----
   CONSTANT SIZE    =      8    ----
   XDATA SIZE       =   ----    ----
   PDATA SIZE       =   ----    ----
   DATA SIZE        =     48      22
   IDATA SIZE       =   ----    ----
   BIT SIZE         =   ----    ----
END OF MODULE INFORMATION.


C51 COMPILATION COMPLETE.  0 WARNING(S),  0 ERROR(S)
